<?xml version="1.0" encoding="UTF-8"?>
<testng-results skipped="0" failed="0" ignored="0" total="1" passed="1">
  <reporter-output>
  </reporter-output>
  <suite name="Default suite" duration-ms="220" started-at="2019-03-15T12:00:14Z" finished-at="2019-03-15T12:00:14Z">
    <groups>
    </groups>
    <test name="Default test" duration-ms="220" started-at="2019-03-15T12:00:14Z" finished-at="2019-03-15T12:00:14Z">
      <class name="Day10.Ref">
        <test-method status="PASS" signature="f()[pri:0, instance:Day10.Ref@345965f2]" name="f" duration-ms="110" started-at="2019-03-15T17:30:14Z" finished-at="2019-03-15T17:30:14Z">
          <reporter-output>
          </reporter-output>
        </test-method> <!-- f -->
      </class> <!-- Day10.Ref -->
    </test> <!-- Default test -->
  </suite> <!-- Default suite -->
</testng-results>
